<?xml version="1.0" encoding="UTF-8"?>
<testsuites>
  <testsuite name="/Users/marumo333/laravel-nyumon/phpunit.xml" tests="1" assertions="18" errors="0" failures="0" skipped="0" time="0.149991">
    <testsuite name="Feature" tests="1" assertions="18" errors="0" failures="0" skipped="0" time="0.149991">
      <testsuite name="Tests\Feature\LaravelNyumon\Station14\DiaryControllerTest" file="/Users/marumo333/laravel-nyumon/tests/Feature/LaravelNyumon/Station14/DiaryControllerTest.php" tests="1" assertions="18" errors="0" failures="0" skipped="0" time="0.149991">
        <testcase name="test_記事の一覧がJSONで返却される" file="/Users/marumo333/laravel-nyumon/tests/Feature/LaravelNyumon/Station14/DiaryControllerTest.php" line="17" class="Tests\Feature\LaravelNyumon\Station14\DiaryControllerTest" classname="Tests.Feature.LaravelNyumon.Station14.DiaryControllerTest" assertions="18" time="0.149991"/>
      </testsuite>
    </testsuite>
  </testsuite>
</testsuites>
